<?xml version="1.0" encoding="UTF-8"?>
<testng-results ignored="0" total="2" passed="2" failed="0" skipped="0">
  <reporter-output>
  </reporter-output>
  <suite started-at="2025-07-11T22:19:33 IST" name="Default suite" finished-at="2025-07-11T22:19:33 IST" duration-ms="244">
    <groups>
    </groups>
    <test started-at="2025-07-11T22:19:33 IST" name="Default test" finished-at="2025-07-11T22:19:33 IST" duration-ms="244">
      <class name="com.TestNGDemos.D06DataProviderDemo">
        <test-method is-config="true" signature="beforeTest()[pri:0, instance:com.TestNGDemos.D06DataProviderDemo@5542c4ed]" started-at="2025-07-11T22:19:33 IST" name="beforeTest" finished-at="2025-07-11T22:19:33 IST" duration-ms="25" status="PASS">
          <reporter-output>
          </reporter-output>
        </test-method> <!-- beforeTest -->
        <test-method signature="f(java.lang.Integer,java.lang.String)[pri:0, instance:com.TestNGDemos.D06DataProviderDemo@5542c4ed]" started-at="2025-07-11T22:19:33 IST" name="f" data-provider="dp" finished-at="2025-07-11T22:19:33 IST" duration-ms="15" status="PASS">
          <params>
            <param index="0">
              <value>
                <![CDATA[1]]>
              </value>
            </param>
            <param index="1">
              <value>
                <![CDATA[a]]>
              </value>
            </param>
          </params>
          <reporter-output>
          </reporter-output>
        </test-method> <!-- f -->
        <test-method is-config="true" signature="afterMethod()[pri:0, instance:com.TestNGDemos.D06DataProviderDemo@5542c4ed]" started-at="2025-07-11T22:19:33 IST" name="afterMethod" finished-at="2025-07-11T22:19:33 IST" duration-ms="1" status="PASS">
          <reporter-output>
          </reporter-output>
        </test-method> <!-- afterMethod -->
        <test-method signature="f(java.lang.Integer,java.lang.String)[pri:0, instance:com.TestNGDemos.D06DataProviderDemo@5542c4ed]" started-at="2025-07-11T22:19:33 IST" name="f" data-provider="dp" finished-at="2025-07-11T22:19:33 IST" duration-ms="9" status="PASS">
          <params>
            <param index="0">
              <value>
                <![CDATA[2]]>
              </value>
            </param>
            <param index="1">
              <value>
                <![CDATA[b]]>
              </value>
            </param>
          </params>
          <reporter-output>
          </reporter-output>
        </test-method> <!-- f -->
        <test-method is-config="true" signature="afterMethod()[pri:0, instance:com.TestNGDemos.D06DataProviderDemo@5542c4ed]" started-at="2025-07-11T22:19:33 IST" name="afterMethod" finished-at="2025-07-11T22:19:33 IST" duration-ms="1" status="PASS">
          <reporter-output>
          </reporter-output>
        </test-method> <!-- afterMethod -->
        <test-method is-config="true" signature="afterTest()[pri:0, instance:com.TestNGDemos.D06DataProviderDemo@5542c4ed]" started-at="2025-07-11T22:19:33 IST" name="afterTest" finished-at="2025-07-11T22:19:33 IST" duration-ms="5" status="PASS">
          <reporter-output>
          </reporter-output>
        </test-method> <!-- afterTest -->
      </class> <!-- com.TestNGDemos.D06DataProviderDemo -->
    </test> <!-- Default test -->
  </suite> <!-- Default suite -->
</testng-results>
