<?xml version="1.0" encoding="UTF-8"?>
<testng-results ignored="0" total="4" passed="4" failed="0" skipped="0">
  <reporter-output>
  </reporter-output>
  <suite started-at="2025-07-14T22:26:41 IST" name="Default suite" finished-at="2025-07-14T22:26:41 IST" duration-ms="232">
    <groups>
      <group name="Women">
        <method signature="ForPriority.test4()[pri:0, instance:com.Assignments.ForPriority@7c7a06ec]" name="test4" class="com.Assignments.ForPriority"/>
        <method signature="ForPriority.test1()[pri:1, instance:com.Assignments.ForPriority@7c7a06ec]" name="test1" class="com.Assignments.ForPriority"/>
      </group> <!-- Women -->
      <group name="Men">
        <method signature="ForPriority.test2()[pri:2, instance:com.Assignments.ForPriority@7c7a06ec]" name="test2" class="com.Assignments.ForPriority"/>
        <method signature="ForPriority.test3()[pri:3, instance:com.Assignments.ForPriority@7c7a06ec]" name="test3" class="com.Assignments.ForPriority"/>
      </group> <!-- Men -->
    </groups>
    <test started-at="2025-07-14T22:26:41 IST" name="Default test" finished-at="2025-07-14T22:26:41 IST" duration-ms="232">
      <class name="com.Assignments.ForPriority">
        <test-method is-config="true" signature="beforeTest()[pri:0, instance:com.Assignments.ForPriority@7c7a06ec]" started-at="2025-07-14T22:26:41 IST" name="beforeTest" finished-at="2025-07-14T22:26:41 IST" duration-ms="51" status="PASS">
          <reporter-output>
          </reporter-output>
        </test-method> <!-- beforeTest -->
        <test-method is-config="true" signature="beforeMethod()[pri:0, instance:com.Assignments.ForPriority@7c7a06ec]" started-at="2025-07-14T22:26:41 IST" name="beforeMethod" finished-at="2025-07-14T22:26:41 IST" duration-ms="2" status="PASS">
          <reporter-output>
          </reporter-output>
        </test-method> <!-- beforeMethod -->
        <test-method signature="test4()[pri:0, instance:com.Assignments.ForPriority@7c7a06ec]" started-at="2025-07-14T22:26:41 IST" name="test4" finished-at="2025-07-14T22:26:41 IST" duration-ms="13" status="PASS">
          <reporter-output>
          </reporter-output>
        </test-method> <!-- test4 -->
        <test-method is-config="true" signature="afterMethod()[pri:0, instance:com.Assignments.ForPriority@7c7a06ec]" started-at="2025-07-14T22:26:41 IST" name="afterMethod" finished-at="2025-07-14T22:26:41 IST" duration-ms="0" status="PASS">
          <reporter-output>
          </reporter-output>
        </test-method> <!-- afterMethod -->
        <test-method is-config="true" signature="beforeMethod()[pri:0, instance:com.Assignments.ForPriority@7c7a06ec]" started-at="2025-07-14T22:26:41 IST" name="beforeMethod" finished-at="2025-07-14T22:26:41 IST" duration-ms="1" status="PASS">
          <reporter-output>
          </reporter-output>
        </test-method> <!-- beforeMethod -->
        <test-method signature="test1()[pri:1, instance:com.Assignments.ForPriority@7c7a06ec]" started-at="2025-07-14T22:26:41 IST" name="test1" finished-at="2025-07-14T22:26:41 IST" duration-ms="7" status="PASS">
          <reporter-output>
          </reporter-output>
        </test-method> <!-- test1 -->
        <test-method is-config="true" signature="afterMethod()[pri:0, instance:com.Assignments.ForPriority@7c7a06ec]" started-at="2025-07-14T22:26:41 IST" name="afterMethod" finished-at="2025-07-14T22:26:41 IST" duration-ms="1" status="PASS">
          <reporter-output>
          </reporter-output>
        </test-method> <!-- afterMethod -->
        <test-method signature="test2()[pri:2, instance:com.Assignments.ForPriority@7c7a06ec]" started-at="2025-07-14T22:26:41 IST" name="test2" finished-at="2025-07-14T22:26:41 IST" duration-ms="2" status="PASS">
          <reporter-output>
          </reporter-output>
        </test-method> <!-- test2 -->
        <test-method is-config="true" signature="beforeMethod()[pri:0, instance:com.Assignments.ForPriority@7c7a06ec]" started-at="2025-07-14T22:26:41 IST" name="beforeMethod" finished-at="2025-07-14T22:26:41 IST" duration-ms="0" status="PASS">
          <reporter-output>
          </reporter-output>
        </test-method> <!-- beforeMethod -->
        <test-method is-config="true" signature="afterMethod()[pri:0, instance:com.Assignments.ForPriority@7c7a06ec]" started-at="2025-07-14T22:26:41 IST" name="afterMethod" finished-at="2025-07-14T22:26:41 IST" duration-ms="1" status="PASS">
          <reporter-output>
          </reporter-output>
        </test-method> <!-- afterMethod -->
        <test-method signature="test3()[pri:3, instance:com.Assignments.ForPriority@7c7a06ec]" started-at="2025-07-14T22:26:41 IST" name="test3" finished-at="2025-07-14T22:26:41 IST" duration-ms="5" status="PASS">
          <reporter-output>
          </reporter-output>
        </test-method> <!-- test3 -->
        <test-method is-config="true" signature="beforeMethod()[pri:0, instance:com.Assignments.ForPriority@7c7a06ec]" started-at="2025-07-14T22:26:41 IST" name="beforeMethod" finished-at="2025-07-14T22:26:41 IST" duration-ms="0" status="PASS">
          <reporter-output>
          </reporter-output>
        </test-method> <!-- beforeMethod -->
        <test-method is-config="true" signature="afterMethod()[pri:0, instance:com.Assignments.ForPriority@7c7a06ec]" started-at="2025-07-14T22:26:41 IST" name="afterMethod" finished-at="2025-07-14T22:26:41 IST" duration-ms="1" status="PASS">
          <reporter-output>
          </reporter-output>
        </test-method> <!-- afterMethod -->
        <test-method is-config="true" signature="afterTest()[pri:0, instance:com.Assignments.ForPriority@7c7a06ec]" started-at="2025-07-14T22:26:41 IST" name="afterTest" finished-at="2025-07-14T22:26:41 IST" duration-ms="1" status="PASS">
          <reporter-output>
          </reporter-output>
        </test-method> <!-- afterTest -->
      </class> <!-- com.Assignments.ForPriority -->
    </test> <!-- Default test -->
  </suite> <!-- Default suite -->
</testng-results>
