<?xml version="1.0" encoding="UTF-8"?>
<testng-results ignored="0" total="5" passed="5" failed="0" skipped="0">
  <reporter-output>
  </reporter-output>
  <suite started-at="2025-07-25T21:40:12 IST" name="Default suite" finished-at="2025-07-25T21:40:12 IST" duration-ms="221">
    <groups>
    </groups>
    <test started-at="2025-07-25T21:40:12 IST" name="Default test" finished-at="2025-07-25T21:40:12 IST" duration-ms="221">
      <class name="com.MyTests.D10InvocationCount">
        <test-method signature="myTest()[pri:0, instance:com.MyTests.D10InvocationCount@4c583ecf]" started-at="2025-07-25T21:40:12 IST" name="myTest" finished-at="2025-07-25T21:40:12 IST" duration-ms="18" status="PASS">
          <reporter-output>
          </reporter-output>
        </test-method> <!-- myTest -->
        <test-method signature="myTest()[pri:0, instance:com.MyTests.D10InvocationCount@4c583ecf]" started-at="2025-07-25T21:40:12 IST" name="myTest" finished-at="2025-07-25T21:40:12 IST" duration-ms="4" status="PASS">
          <reporter-output>
          </reporter-output>
        </test-method> <!-- myTest -->
        <test-method signature="myTest()[pri:0, instance:com.MyTests.D10InvocationCount@4c583ecf]" started-at="2025-07-25T21:40:12 IST" name="myTest" finished-at="2025-07-25T21:40:12 IST" duration-ms="7" status="PASS">
          <reporter-output>
          </reporter-output>
        </test-method> <!-- myTest -->
        <test-method signature="myTest()[pri:0, instance:com.MyTests.D10InvocationCount@4c583ecf]" started-at="2025-07-25T21:40:12 IST" name="myTest" finished-at="2025-07-25T21:40:12 IST" duration-ms="7" status="PASS">
          <reporter-output>
          </reporter-output>
        </test-method> <!-- myTest -->
        <test-method signature="myTest()[pri:0, instance:com.MyTests.D10InvocationCount@4c583ecf]" started-at="2025-07-25T21:40:12 IST" name="myTest" finished-at="2025-07-25T21:40:12 IST" duration-ms="4" status="PASS">
          <reporter-output>
          </reporter-output>
        </test-method> <!-- myTest -->
      </class> <!-- com.MyTests.D10InvocationCount -->
    </test> <!-- Default test -->
  </suite> <!-- Default suite -->
</testng-results>
