<?xml version="1.0" encoding="UTF-8"?>
<!-- Generated by org.testng.reporters.JUnitXMLReporter -->
<testsuite ignored="3" hostname="DESKTOP-G8O6OG0" failures="0" tests="1" name="My Test" time="20.783" errors="0" timestamp="2025-07-14T21:29:06 IST">
  <testcase classname="com.TestNGDemos.D05TiraBeautyAssignment" name="testMomnBabyLink" time="5.258"/>
  <testcase classname="com.TestNGDemos.D05TiraBeautyAssignment" name="testSkinLink" time="0.0">
    <ignored/>
  </testcase> <!-- testSkinLink -->
  <testcase classname="com.TestNGDemos.D05TiraBeautyAssignment" name="testMakeUpLink" time="0.0">
    <ignored/>
  </testcase> <!-- testMakeUpLink -->
  <testcase classname="com.TestNGDemos.D05TiraBeautyAssignment" name="testMenLink" time="0.0">
    <ignored/>
  </testcase> <!-- testMenLink -->
</testsuite> <!-- My Test -->
