<?xml version="1.0" encoding="UTF-8"?>
<!-- Generated by org.testng.reporters.JUnitXMLReporter -->
<testsuite ignored="0" hostname="DESKTOP-G8O6OG0" failures="0" tests="5" name="Default test" time="0.221" errors="0" timestamp="2025-07-25T21:40:12 IST">
  <testcase classname="com.MyTests.D10InvocationCount" name="myTest" time="0.018"/>
  <testcase classname="com.MyTests.D10InvocationCount" name="myTest" time="0.004"/>
  <testcase classname="com.MyTests.D10InvocationCount" name="myTest" time="0.007"/>
  <testcase classname="com.MyTests.D10InvocationCount" name="myTest" time="0.007"/>
  <testcase classname="com.MyTests.D10InvocationCount" name="myTest" time="0.004"/>
</testsuite> <!-- Default test -->
