<?xml version="1.0" encoding="UTF-8"?>
<!-- Generated by org.testng.reporters.JUnitXMLReporter -->
<testsuite ignored="0" hostname="DESKTOP-G8O6OG0" failures="0" tests="4" name="Default test" time="0.232" errors="0" timestamp="2025-07-14T22:26:41 IST">
  <testcase classname="com.Assignments.ForPriority" name="test4" time="0.013"/>
  <testcase classname="com.Assignments.ForPriority" name="test1" time="0.007"/>
  <testcase classname="com.Assignments.ForPriority" name="test2" time="0.002"/>
  <testcase classname="com.Assignments.ForPriority" name="test3" time="0.005"/>
</testsuite> <!-- Default test -->
