<?xml version="1.0" encoding="UTF-8"?>
<!-- Generated by org.testng.reporters.JUnitXMLReporter -->
<testsuite ignored="2" hostname="DESKTOP-G8O6OG0" failures="0" tests="2" name="My Test" time="50.344" errors="0" timestamp="2025-07-16T20:31:31 IST">
  <testcase classname="com.TestNGDemos.D05TiraBeautyAssignment" name="testMomnBabyLink" time="12.17"/>
  <testcase classname="com.TestNGDemos.D05TiraBeautyAssignment" name="testMakeUpLink" time="0.738"/>
  <testcase classname="com.TestNGDemos.D05TiraBeautyAssignment" name="testMenLink" time="0.0">
    <ignored/>
  </testcase> <!-- testMenLink -->
  <testcase classname="com.TestNGDemos.D05TiraBeautyAssignment" name="testSkinLink" time="0.0">
    <ignored/>
  </testcase> <!-- testSkinLink -->
</testsuite> <!-- My Test -->
