<?xml version="1.0" encoding="UTF-8"?>
<!-- Generated by org.testng.reporters.JUnitXMLReporter -->
<testsuite ignored="0" hostname="DESKTOP-G8O6OG0" failures="0" tests="4" name="My Test" time="67.621" errors="0" timestamp="2025-07-14T22:01:06 IST">
  <testcase classname="com.TestNGDemos.D05TiraBeautyAssignment" name="testMakeUpLink" time="1.531"/>
  <testcase classname="com.TestNGDemos.D05TiraBeautyAssignment" name="testSkinLink" time="0.496"/>
  <testcase classname="com.TestNGDemos.D05TiraBeautyAssignment" name="testMenLink" time="0.611"/>
  <testcase classname="com.TestNGDemos.D05TiraBeautyAssignment" name="testMomnBabyLink" time="5.539"/>
</testsuite> <!-- My Test -->
