<?xml version="1.0" encoding="UTF-8"?>
<!-- Generated by org.testng.reporters.JUnitXMLReporter -->
<testsuite ignored="0" hostname="DESKTOP-G8O6OG0" failures="0" tests="8" name="My Test" time="52.082" errors="0" timestamp="2025-07-14T22:11:38 IST">
  <testcase classname="com.TestNGDemos.D05TiraBeautyAssignment" name="testMakeUpLink" time="0.741"/>
  <testcase classname="com.TestNGDemos.D05TiraBeautyAssignment" name="testSkinLink" time="0.557"/>
  <testcase classname="com.TestNGDemos.D05TiraBeautyAssignment" name="testMenLink" time="0.819"/>
  <testcase classname="com.TestNGDemos.D05TiraBeautyAssignment" name="testMomnBabyLink" time="4.273"/>
  <testcase classname="com.Assignments.OHRM_Login_Logout" name="loginToOHRM1" time="1.419"/>
  <testcase classname="com.Assignments.OHRM_Login_Logout" name="loginToOHRM2" time="0.25"/>
  <testcase classname="com.Assignments.OHRM_Login_Logout" name="loginToOHRM3" time="1.298"/>
  <testcase classname="com.Assignments.OHRM_Login_Logout" name="loginToOHRM4" time="0.241"/>
</testsuite> <!-- My Test -->
